<?xml version="1.0" encoding="UTF-8" ?>
<testsuite errors="0" failures="0" hostname="CLUKAS1" name="com.tobecontinued.util.ranges.core.TU_Range" tests="5" time="0.128" timestamp="2013-04-09T14:32:31">
  <properties>
    <property name="file.encoding.pkg" value="sun.io" />
    <property name="env.PROMPT" value="$P:$g" />
    <property name="env.PHP_PEAR_BIN_DIR" value="C:\php-5.2.17" />
    <property name="ant.file.cobertura" value="C:\dev\google-code\range-ops\tools\java\cobertura\build.xml" />
    <property name="java.home" value="C:\Program Files (x86)\Java\jdk1.6.0_24\jre" />
    <property name="java.dir" value="C:\dev\google-code\range-ops\server\java" />
    <property name="env.VS90COMNTOOLS" value="c:\Program Files (x86)\Microsoft Visual Studio 9.0\Common7\Tools\" />
    <property name="ant.file.tools" value="C:\dev\google-code\range-ops\tools\java\build.xml" />
    <property name="env.PHP_PEAR_TEST_DIR" value="C:\php-5.2.17\tests" />
    <property name="env.PROCESSOR_ARCHITEW6432" value="AMD64" />
    <property name="server.dir" value="C:\dev\google-code\range-ops\server" />
    <property name="java.endorsed.dirs" value="C:\Program Files (x86)\Java\jdk1.6.0_24\jre\lib\endorsed" />
    <property name="java.reports.coverage.xml.dir" value="C:\dev\google-code\range-ops\server\java\log\cobertura/coverage-reports/cobertura-xml" />
    <property name="env.USERNAME" value="clukas" />
    <property name="env.HUDSON_HOME" value="c:\dev\hudson" />
    <property name="ant.file.type.range-ops" value="file" />
    <property name="java.log.dir" value="C:\dev\google-code\range-ops\server\java\log" />
    <property name="test.java.lib.dir" value="C:\dev\google-code\range-ops\test\java\lib" />
    <property name="sun.os.patch.level" value="Service Pack 1" />
    <property name="java.vendor.url" value="http://java.sun.com/" />
    <property name="env.COMPUTERNAME" value="CLUKAS1" />
    <property name="env.=C:" value="C:\dev\google-code\range-ops" />
    <property name="env.ProgramFiles(x86)" value="C:\Program Files (x86)" />
    <property name="java.version" value="1.6.0_24" />
    <property name="java.vendor.url.bug" value="http://java.sun.com/cgi-bin/bugreport.cgi" />
    <property name="env.USERPROFILE" value="C:\Users\clukas" />
    <property name="ant.project.invoked-targets" value="coverage" />
    <property name="env.SystemRoot" value="C:\Windows" />
    <property name="user.name" value="clukas" />
    <property name="java.reports.junit.html.dir" value="C:\dev\google-code\range-ops\server\java\log\cobertura/coverage-reports/junit-html" />
    <property name="sun.io.unicode.encoding" value="UnicodeLittle" />
    <property name="sun.jnu.encoding" value="Cp1252" />
    <property name="java.runtime.name" value="Java(TM) SE Runtime Environment" />
    <property name="tools.java.cobertura.dir" value="C:\dev\google-code\range-ops\tools\java\cobertura" />
    <property name="env.ORACLE_UNQNAME" value="orcl" />
    <property name="env.LOCALAPPDATA" value="C:\Users\clukas\AppData\Local" />
    <property name="env.DEVTOOLS" value="c:\dev\tools" />
    <property name="java.specification.name" value="Java Platform API Specification" />
    <property name="user.timezone" value="" />
    <property name="path.separator" value=";" />
    <property name="env.PROCESSOR_IDENTIFIER" value="Intel64 Family 6 Model 37 Stepping 5, GenuineIntel" />
    <property name="env._JAVACMD" value="C:\Program Files (x86)\Java\jdk1.6.0_24\bin\java.exe" />
    <property name="file.encoding" value="Cp1252" />
    <property name="ant.project.default-target" value="default" />
    <property name="env.HOME" value="c:\dev\home" />
    <property name="env.NUMBER_OF_PROCESSORS" value="4" />
    <property name="env.APPDATA" value="C:\Users\clukas\AppData\Roaming" />
    <property name="ant.file" value="C:\dev\google-code\range-ops\tools\java\cobertura\build.xml" />
    <property name="env.QTJAVA" value="C:\Program Files (x86)\Java\jre6\lib\ext\QTJava.zip" />
    <property name="java.io.tmpdir" value="C:\Users\clukas\AppData\Local\Temp\" />
    <property name="user.language" value="en" />
    <property name="env.SystemDrive" value="C:" />
    <property name="line.separator" value="&#xd;&#xa;" />
    <property name="java.reports.coverage.html.dir" value="C:\dev\google-code\range-ops\server\java\log\cobertura/coverage-reports/cobertura-html" />
    <property name="ant.file.type" value="file" />
    <property name="java.classes.dir" value="C:\dev\google-code\range-ops\server\java\build\classes" />
    <property name="tools.dir" value="C:\dev\google-code\range-ops\tools" />
    <property name="test.java.build.dir" value="C:\dev\google-code\range-ops\test\java\build" />
    <property name="java.vm.info" value="mixed mode, sharing" />
    <property name="java.reports.dir" value="C:\dev\google-code\range-ops\server\java\log\cobertura/coverage-reports" />
    <property name="sun.desktop" value="windows" />
    <property name="java.vm.specification.name" value="Java Virtual Machine Specification" />
    <property name="ant.file.range-ops" value="C:\dev\google-code\range-ops\build.xml" />
    <property name="env.PATHEXT" value=".COM;.EXE;.BAT;.CMD;.VBS;.VBE;.JS;.JSE;.WSF;.WSH;.MSC;.groovy;.gy;.groovy;.gy;.groovy;.gy" />
    <property name="env.EDITOR" value="notepad++" />
    <property name="env.LOGONSERVER" value="\\UKADC2" />
    <property name="java.awt.printerjob" value="sun.awt.windows.WPrinterJob" />
    <property name="tools.java.pmd.dir" value="C:\dev\google-code\range-ops\tools\java\pmd" />
    <property name="ant.file.type.tools" value="file" />
    <property name="env.PUBLIC" value="C:\Users\Public" />
    <property name="ant.version" value="Apache Ant(TM) version 1.8.4 compiled on May 22 2012" />
    <property name="env.USERDOMAIN" value="DOM1" />
    <property name="tools.java.dir" value="C:\dev\google-code\range-ops\tools\java" />
    <property name="env.PROCESSOR_LEVEL" value="6" />
    <property name="env.SQL_SERVER86" value="C:\Program Files (x86)\Microsoft SQL Server" />
    <property name="env.windir" value="C:\Windows" />
    <property name="env.CommonProgramFiles(x86)" value="C:\Program Files (x86)\Common Files" />
    <property name="test.java.classes.dir" value="C:\dev\google-code\range-ops\test\java\build\classes" />
    <property name="java.instrumented.dir" value="C:\dev\google-code\range-ops\server\java\build\instrumented" />
    <property name="env.CLASSPATH" value=".;C:\Program Files (x86)\Java\jre6\lib\ext\QTJava.zip" />
    <property name="os.name" value="Windows 7" />
    <property name="java.specification.vendor" value="Sun Microsystems Inc." />
    <property name="java.reports.coverage.summaryxml.dir" value="C:\dev\google-code\range-ops\server\java\log\cobertura/coverage-reports/cobertura-summary-xml" />
    <property name="env.PYTHONPATH" value="C:\Python27" />
    <property name="java.reports.junit.xml.dir" value="C:\dev\google-code\range-ops\server\java\log\cobertura/coverage-reports/junit-xml" />
    <property name="env.TMP" value="C:\Users\clukas\AppData\Local\Temp" />
    <property name="java.vm.name" value="Java HotSpot(TM) Client VM" />
    <property name="env.ProgramData" value="C:\ProgramData" />
    <property name="tools.java.findbugs.dir" value="C:\dev\google-code\range-ops\tools\java\findbugs" />
    <property name="env.OS" value="Windows_NT" />
    <property name="tools.java.checkstyle.dir" value="C:\dev\google-code\range-ops\tools\java\checkstyle" />
    <property name="java.library.path" value="C:\Program Files (x86)\Java\jdk1.6.0_24\jre\bin;.;C:\Windows\Sun\Java\bin;C:\Windows\system32;C:\Windows;C:\Program Files\CollabNet\Subversion Client;C:\Program Files (x86)\Windows Resource Kits\Tools\;C:\Program Files (x86)\MiKTeX 2.8\miktex\bin;C:\Program Files\Common Files\Microsoft Shared\Windows Live;C:\Program Files (x86)\Common Files\Microsoft Shared\Windows Live;C:\Program Files (x86)\CollabNet\Subversion Client;C:\Perl\bin;C:\Windows\system32;C:\Windows;C:\Windows\System32\Wbem;C:\Windows\System32\WindowsPowerShell\v1.0\;C:\Program Files\Intel\WiFi\bin\;C:\Program Files\Common Files\Intel\WirelessCommon\;C:\Program Files\ant\bin;c:\dev\tools\bin;C:\Program Files\eclipse;C:\Program Files (x86)\Microsoft SQL Server\100\Tools\Binn\;C:\Program Files\Microsoft SQL Server\100\Tools\Binn\;C:\Program Files\Microsoft SQL Server\100\DTS\Binn\;C:\Program Files (x86)\Microsoft SQL Server\100\Tools\Binn\VSShell\Common7\IDE\;C:\Program Files (x86)\Microsoft SQL Server\100\DTS\Binn\;c:\progra~2\vim\vim72;C:\Program Files (x86)\Windows Live\Shared;C:\Program Files (x86)\Google\Google Apps Sync\;C:\Groovy\Groovy-1.5.7\bin;C:\Program Files (x86)\JProbe 8.0.1\bin;C:\pmd\bin;C:\php-5.2.17;C:\Program Files (x86)\Google\Google Apps Sync\;c:\Program Files (x86)\Microsoft SQL Server\90\Tools\binn\;C:\Program Files (x86)\CVSNT\;C:\Program Files (x86)\QuickTime\QTSystem\;C:\Program Files\FERRO Software\FtpUse;C:\Program Files\nodejs\;C:\Python27;C:\Python27\Scripts;C:\Program Files\TortoiseSVN\bin;C:\Program Files (x86)\CVSNT\;C:\Users\clukas\AppData\Roaming\npm\" />
    <property name="ant.java.version" value="1.6" />
    <property name="basedir" value="C:\dev\google-code\range-ops" />
    <property name="java.class.version" value="50.0" />
    <property name="ant.home" value="C:\Program Files\ant" />
    <property name="env.Path" value="C:\Program Files\CollabNet\Subversion Client;C:\Program Files (x86)\Windows Resource Kits\Tools\;C:\Program Files (x86)\MiKTeX 2.8\miktex\bin;C:\Program Files\Common Files\Microsoft Shared\Windows Live;C:\Program Files (x86)\Common Files\Microsoft Shared\Windows Live;C:\Program Files (x86)\CollabNet\Subversion Client;C:\Perl\bin;C:\Windows\system32;C:\Windows;C:\Windows\System32\Wbem;C:\Windows\System32\WindowsPowerShell\v1.0\;C:\Program Files\Intel\WiFi\bin\;C:\Program Files\Common Files\Intel\WirelessCommon\;C:\Program Files\ant\bin;c:\dev\tools\bin;C:\Program Files\eclipse;C:\Program Files (x86)\Microsoft SQL Server\100\Tools\Binn\;C:\Program Files\Microsoft SQL Server\100\Tools\Binn\;C:\Program Files\Microsoft SQL Server\100\DTS\Binn\;C:\Program Files (x86)\Microsoft SQL Server\100\Tools\Binn\VSShell\Common7\IDE\;C:\Program Files (x86)\Microsoft SQL Server\100\DTS\Binn\;c:\progra~2\vim\vim72;C:\Program Files (x86)\Windows Live\Shared;C:\Program Files (x86)\Google\Google Apps Sync\;C:\Groovy\Groovy-1.5.7\bin;C:\Program Files (x86)\JProbe 8.0.1\bin;C:\pmd\bin;C:\php-5.2.17;C:\Program Files (x86)\Google\Google Apps Sync\;c:\Program Files (x86)\Microsoft SQL Server\90\Tools\binn\;C:\Program Files (x86)\CVSNT\;C:\Program Files (x86)\QuickTime\QTSystem\;C:\Program Files\FERRO Software\FtpUse;C:\Program Files\nodejs\;C:\Python27;C:\Python27\Scripts;C:\Program Files\TortoiseSVN\bin;C:\Program Files (x86)\CVSNT\;C:\Users\clukas\AppData\Roaming\npm\" />
    <property name="env.PHP_PEAR_SYSCONF_DIR" value="C:\php-5.2.17" />
    <property name="env.SVN_HOME" value="C:\Program Files\TortoiseSVN" />
    <property name="env.HOMEDRIVE" value="C:" />
    <property name="env.PHP_PEAR_DOC_DIR" value="C:\php-5.2.17\docs" />
    <property name="net.sourceforge.cobertura.datafile" value="C:\dev\google-code\range-ops\tools\java\cobertura\cobertura.ser" />
    <property name="sun.boot.library.path" value="C:\Program Files (x86)\Java\jdk1.6.0_24\jre\bin" />
    <property name="env.PROCESSOR_REVISION" value="2505" />
    <property name="sun.management.compiler" value="HotSpot Client Compiler" />
    <property name="env.MIKTEX_HOME" value="C:\Program Files (x86)\MiKTeX 2.8\miktex" />
    <property name="java.awt.graphicsenv" value="sun.awt.Win32GraphicsEnvironment" />
    <property name="user.variant" value="" />
    <property name="java.extern.dir" value="C:\dev\google-code\range-ops\server\java\javalib" />
    <property name="java.build.dir" value="C:\dev\google-code\range-ops\server\java\build" />
    <property name="java.log.cobertura.dir" value="C:\dev\google-code\range-ops\server\java\log\cobertura" />
    <property name="env.asl.log" value="Destination=file" />
    <property name="ant.project.name" value="cobertura" />
    <property name="java.vm.specification.version" value="1.0" />
    <property name="ant.file.type.cobertura" value="file" />
    <property name="awt.toolkit" value="sun.awt.windows.WToolkit" />
    <property name="java.3rdparty.dir" value="C:\dev\google-code\range-ops\server\java\3rdparty" />
    <property name="sun.cpu.isalist" value="pentium_pro+mmx pentium_pro pentium+mmx pentium i486 i386 i86" />
    <property name="env.GROOVY_HOME" value="C:\Groovy\Groovy-1.5.7" />
    <property name="java.ext.dirs" value="C:\Program Files (x86)\Java\jdk1.6.0_24\jre\lib\ext;C:\Windows\Sun\Java\lib\ext" />
    <property name="os.version" value="6.1" />
    <property name="user.home" value="C:\Users\clukas" />
    <property name="env.SQL_SERVER" value="C:\Program Files\Microsoft SQL Server" />
    <property name="java.vm.vendor" value="Sun Microsystems Inc." />
    <property name="env.CommonProgramW6432" value="C:\Program Files\Common Files" />
    <property name="env.USERDNSDOMAIN" value="DOM1.REDPRAIRIE.COM" />
    <property name="env.JAVA_HOME" value="C:\Program Files (x86)\Java\jdk1.6.0_24" />
    <property name="env.ProgramW6432" value="C:\Program Files" />
    <property name="test.java.dir" value="C:\dev\google-code\range-ops\test\java" />
    <property name="user.dir" value="C:\dev\google-code\range-ops" />
    <property name="env.FP_NO_HOST_CHECK" value="NO" />
    <property name="test.dir" value="C:\dev\google-code\range-ops\test" />
    <property name="sun.cpu.endian" value="little" />
    <property name="test.java.3rdparty.dir" value="C:\dev\google-code\range-ops\test\java\3rdparty" />
    <property name="env._USE_CLASSPATH" value="yes" />
    <property name="env.ALLUSERSPROFILE" value="C:\ProgramData" />
    <property name="java.src.dir" value="C:\dev\google-code\range-ops\server\java\src" />
    <property name="env.PROCESSOR_ARCHITECTURE" value="x86" />
    <property name="java.vm.version" value="19.1-b02" />
    <property name="java.class.path" value="C:\dev\google-code\range-ops\server\java\build\instrumented;C:\dev\google-code\range-ops\server\java\build\classes;C:\dev\google-code\range-ops\test\java\build\classes;C:\dev\google-code\range-ops\server\java\3rdparty\guava-14.0.1.jar;C:\dev\google-code\range-ops\server\java\3rdparty\log4j-1.2.17.jar;C:\dev\google-code\range-ops\test\java\3rdparty\junit-4.8.2.jar;C:\dev\google-code\range-ops\test\java\3rdparty\mockito-all-1.8.5.jar;C:\dev\google-code\range-ops\tools\java\cobertura\cobertura.jar;C:\dev\google-code\range-ops\tools\java\cobertura\lib\asm-3.0.jar;C:\dev\google-code\range-ops\tools\java\cobertura\lib\asm-tree-3.0.jar;C:\dev\google-code\range-ops\tools\java\cobertura\lib\jakarta-oro-2.0.8.jar;C:\dev\google-code\range-ops\tools\java\cobertura\lib\junit-4.8.2.jar;C:\dev\google-code\range-ops\tools\java\cobertura\lib\log4j-1.2.9.jar;C:\dev\google-code\range-ops;C:\Program Files (x86)\Java\jre6\lib\ext\QTJava.zip;C:\Program Files\ant\lib\ant-launcher.jar;C:\Program Files\ant\lib\ant.jar;C:\Program Files\ant\lib\ant-junit.jar;C:\Program Files\ant\lib\ant-junit4.jar" />
    <property name="env.HOMEPATH" value="\Users\clukas" />
    <property name="env.VS100COMNTOOLS" value="C:\Program Files (x86)\Microsoft Visual Studio 10.0\Common7\Tools\" />
    <property name="env.UATDATA" value="C:\Windows\SysWOW64\CCM\UATData\D9F8C395-CAB8-491d-B8AC-179A1FE1BE77" />
    <property name="env.VIM" value="c:\progra~1\vim" />
    <property name="ant.library.dir" value="C:\Program Files\ant\lib" />
    <property name="os.arch" value="x86" />
    <property name="env.SESSIONNAME" value="Console" />
    <property name="sun.java.launcher" value="SUN_STANDARD" />
    <property name="env.CommonProgramFiles" value="C:\Program Files (x86)\Common Files" />
    <property name="env.ProgramFiles" value="C:\Program Files (x86)" />
    <property name="ant.core.lib" value="C:\Program Files\ant\lib\ant.jar" />
    <property name="java.vm.specification.vendor" value="Sun Microsystems Inc." />
    <property name="env.PHP_PEAR_PHP_BIN" value=".\php.exe" />
    <property name="file.separator" value="\" />
    <property name="java.runtime.version" value="1.6.0_24-b07" />
    <property name="env.activedir           " value=" " />
    <property name="env.ANT_CMD_LINE_ARGS" value=" tools" />
    <property name="sun.boot.class.path" value="C:\Program Files (x86)\Java\jdk1.6.0_24\jre\lib\resources.jar;C:\Program Files (x86)\Java\jdk1.6.0_24\jre\lib\rt.jar;C:\Program Files (x86)\Java\jdk1.6.0_24\jre\lib\sunrsasign.jar;C:\Program Files (x86)\Java\jdk1.6.0_24\jre\lib\jsse.jar;C:\Program Files (x86)\Java\jdk1.6.0_24\jre\lib\jce.jar;C:\Program Files (x86)\Java\jdk1.6.0_24\jre\lib\charsets.jar;C:\Program Files (x86)\Java\jdk1.6.0_24\jre\lib\modules\jdk.boot.jar;C:\Program Files (x86)\Java\jdk1.6.0_24\jre\classes" />
    <property name="env.ComSpec" value="C:\Program Files (x86)\JPSoft\TCCLE12\TCC.EXE" />
    <property name="env.TEMP" value="C:\Users\clukas\AppData\Local\Temp" />
    <property name="user.country" value="US" />
    <property name="env.ANT_HOME" value="C:\Program Files\ant" />
    <property name="env.VS80COMNTOOLS" value="C:\Program Files (x86)\Microsoft Visual Studio 8\Common7\Tools\" />
    <property name="java.lib.dir" value="C:\dev\google-code\range-ops\server\java\lib" />
    <property name="env.CMDLINE" value="&quot;C:\Program Files (x86)\Java\jdk1.6.0_24\bin\java.exe&quot;  -classpath &quot;C:\Program Files\ant\lib\ant-launcher.jar&quot; &quot;-Dant.home=C:\Program Files\ant&quot; org.apache.tools.ant.launch.Launcher  -cp &quot;.;C:\Program Files (x86)\Java\jre6\lib\ext\QTJava.zip&quot;  tools" />
    <property name="env.PHP_PEAR_DATA_DIR" value="C:\php-5.2.17\data" />
    <property name="env.CVSEDITOR" value="notepad++" />
    <property name="java.vendor" value="Sun Microsystems Inc." />
    <property name="env..pl" value="c:\perl\bin\perl.exe" />
    <property name="test.java.src.dir" value="C:\dev\google-code\range-ops\test\java\src" />
    <property name="env.PSModulePath" value="C:\Windows\system32\WindowsPowerShell\v1.0\Modules\" />
    <property name="java.specification.version" value="1.6" />
    <property name="env.PHP_PEAR_INSTALL_DIR" value="C:\php-5.2.17\pear" />
    <property name="sun.arch.data.model" value="32" />
  </properties>
  <testcase classname="com.tobecontinued.util.ranges.core.TU_Range" name="testNewRange" time="0.067" />
  <testcase classname="com.tobecontinued.util.ranges.core.TU_Range" name="testHashCode" time="0.0" />
  <testcase classname="com.tobecontinued.util.ranges.core.TU_Range" name="testEquals" time="0.0020" />
  <testcase classname="com.tobecontinued.util.ranges.core.TU_Range" name="testIntersects" time="0.0010" />
  <testcase classname="com.tobecontinued.util.ranges.core.TU_Range" name="testContains" time="0.0010" />
  <system-out><![CDATA[]]></system-out>
  <system-err><![CDATA[]]></system-err>
</testsuite>
